

Microchip MPLAB XC8 Assembler V2.10 build 88905656 
                                                                                               Mon Mar 23 23:48:39 2020

Microchip MPLAB XC8 C Compiler v2.10 (Free license) build 20190730164152 Og1 
     1                           	processor	18F4331
     2                           	fnconf	rparam,??,?,0
     3                           	opt	pw 120
     4                           	opt	flic
     5                           	psect	cinit,global,reloc=2,class=CODE,delta=1
     6                           	psect	cstackCOMRAM,global,class=COMRAM,space=1,delta=1,noexec
     7                           	psect	text0,global,reloc=2,class=CODE,delta=1
     8                           	psect	intsave_regs,global,class=BIGRAM,space=1,delta=1,noexec
     9                           	psect	rparam,global,class=COMRAM,space=1,delta=1,noexec
    10  0000                     
    11                           ; Version 2.10
    12                           ; Generated 31/07/2019 GMT
    13                           ; 
    14                           ; Copyright © 2019, Microchip Technology Inc. and its subsidiaries ("Microchip")
    15                           ; All rights reserved.
    16                           ; 
    17                           ; This software is developed by Microchip Technology Inc. and its subsidiaries ("Microch
      +                          ip").
    18                           ; 
    19                           ; Redistribution and use in source and binary forms, with or without modification, are
    20                           ; permitted provided that the following conditions are met:
    21                           ; 
    22                           ;     1. Redistributions of source code must retain the above copyright notice, this lis
      +                          t of
    23                           ;        conditions and the following disclaimer.
    24                           ; 
    25                           ;     2. Redistributions in binary form must reproduce the above copyright notice, this 
      +                          list
    26                           ;        of conditions and the following disclaimer in the documentation and/or other
    27                           ;        materials provided with the distribution.
    28                           ; 
    29                           ;     3. Microchip's name may not be used to endorse or promote products derived from th
      +                          is
    30                           ;        software without specific prior written permission.
    31                           ; 
    32                           ; THIS SOFTWARE IS PROVIDED BY MICROCHIP "AS IS" AND ANY EXPRESS OR IMPLIED WARRANTIES,
    33                           ; INCLUDING, BUT NOT LIMITED TO, THE IMPLIED WARRANTIES OF MERCHANTABILITY AND FITNESS F
      +                          OR
    34                           ; PURPOSE ARE DISCLAIMED.  IN NO EVENT SHALL MICROCHIP BE LIABLE FOR ANY DIRECT, INDIREC
      +                          T,
    35                           ; INCIDENTAL, SPECIAL, EXEMPLARY, OR CONSEQUENTIAL DAMAGES (INCLUDING BUT NOT LIMITED TO
    36                           ; PROCUREMENT OF SUBSTITUTE GOODS OR SERVICES; LOSS OF USE, DATA OR PROFITS; OR BUSINESS
    37                           ; INTERRUPTION) HOWSOEVER CAUSED AND ON ANY THEORY OF LIABILITY, WHETHER IN CONTRACT, ST
      +                          RICT
    38                           ; LIABILITY, OR TORT (INCLUDING NEGLIGENCE OR OTHERWISE) ARISING IN ANY WAY OUT OF THE U
      +                          SE OF
    39                           ; THIS SOFTWARE, EVEN IF ADVISED OF THE POSSIBILITY OF SUCH DAMAGE.
    40                           ; 
    41                           ; 
    42                           ; Code-generator required, PIC18F4331 Definitions
    43                           ; 
    44                           ; SFR Addresses
    45  0000                     _RD3	set	31771
    46  0000                     _RD2	set	31770
    47  0000                     _RD7	set	31775
    48  0000                     _RD6	set	31774
    49  0000                     _RD5	set	31773
    50  0000                     _RD4	set	31772
    51                           
    52                           ; #config settings
    53  0000                     
    54                           	psect	cinit
    55  001FF2                     __pcinit:
    56                           	opt callstack 0
    57  001FF2                     start_initialization:
    58                           	opt callstack 0
    59  001FF2                     __initialization:
    60                           	opt callstack 0
    61  001FF2                     end_of_initialization:
    62                           	opt callstack 0
    63  001FF2                     __end_of__initialization:
    64                           	opt callstack 0
    65  001FF2  0100               	movlb	0
    66  001FF4  EFFC  F00F         	goto	_main	;jump to C main() function
    67                           
    68                           	psect	cstackCOMRAM
    69  000000                     __pcstackCOMRAM:
    70                           	opt callstack 0
    71  000000                     
    72                           ; 2 bytes @ 0x0
    73 ;;
    74 ;;Main: autosize = 0, tempsize = 0, incstack = 0, save=0
    75 ;;
    76 ;; *************** function _main *****************
    77 ;; Defined at:
    78 ;;		line 55 in file "471Project.c"
    79 ;; Parameters:    Size  Location     Type
    80 ;;		None
    81 ;; Auto vars:     Size  Location     Type
    82 ;;		None
    83 ;; Return value:  Size  Location     Type
    84 ;;                  2   59[None  ] int 
    85 ;; Registers used:
    86 ;;		None
    87 ;; Tracked objects:
    88 ;;		On entry : 0/0
    89 ;;		On exit  : 0/0
    90 ;;		Unchanged: 0/0
    91 ;; Data sizes:     COMRAM   BANK0   BANK1   BANK2
    92 ;;      Params:         0       0       0       0
    93 ;;      Locals:         0       0       0       0
    94 ;;      Temps:          0       0       0       0
    95 ;;      Totals:         0       0       0       0
    96 ;;Total ram usage:        0 bytes
    97 ;; This function calls:
    98 ;;		Nothing
    99 ;; This function is called by:
   100 ;;		Startup code after reset
   101 ;; This function uses a non-reentrant model
   102 ;;
   103                           
   104                           	psect	text0
   105  001FF8                     __ptext0:
   106                           	opt callstack 0
   107  001FF8                     _main:
   108                           	opt callstack 31
   109  001FF8                     l60:
   110  001FF8  EFFC  F00F         	goto	l60
   111  001FFC  EF00  F000         	goto	start
   112  002000                     __end_of_main:
   113                           	opt callstack 0
   114  0000                     
   115                           	psect	rparam
   116  0000                     tosu	equ	0xFFF
   117                           tosh	equ	0xFFE
   118                           tosl	equ	0xFFD
   119                           stkptr	equ	0xFFC
   120                           pclatu	equ	0xFFB
   121                           pclath	equ	0xFFA
   122                           pcl	equ	0xFF9
   123                           tblptru	equ	0xFF8
   124                           tblptrh	equ	0xFF7
   125                           tblptrl	equ	0xFF6
   126                           tablat	equ	0xFF5
   127                           prodh	equ	0xFF4
   128                           prodl	equ	0xFF3
   129                           indf0	equ	0xFEF
   130                           postinc0	equ	0xFEE
   131                           postdec0	equ	0xFED
   132                           preinc0	equ	0xFEC
   133                           plusw0	equ	0xFEB
   134                           fsr0h	equ	0xFEA
   135                           fsr0l	equ	0xFE9
   136                           wreg	equ	0xFE8
   137                           indf1	equ	0xFE7
   138                           postinc1	equ	0xFE6
   139                           postdec1	equ	0xFE5
   140                           preinc1	equ	0xFE4
   141                           plusw1	equ	0xFE3
   142                           fsr1h	equ	0xFE2
   143                           fsr1l	equ	0xFE1
   144                           bsr	equ	0xFE0
   145                           indf2	equ	0xFDF
   146                           postinc2	equ	0xFDE
   147                           postdec2	equ	0xFDD
   148                           preinc2	equ	0xFDC
   149                           plusw2	equ	0xFDB
   150                           fsr2h	equ	0xFDA
   151                           fsr2l	equ	0xFD9
   152                           status	equ	0xFD8


Data Sizes:
    Strings     0
    Constant    0
    Data        0
    BSS         0
    Persistent  0
    Stack       0

Auto Spaces:
    Space          Size  Autos    Used
    COMRAM           95      0       0
    BANK0           160      0       0
    BANK1           256      0       0
    BANK2           256      0       0

Pointer List with Targets:

    None.

Critical Paths under _main in COMRAM

    None.

Critical Paths under _main in BANK0

    None.

Critical Paths under _main in BANK1

    None.

Critical Paths under _main in BANK2

    None.

Call Graph Tables:

 ---------------------------------------------------------------------------------
 (Depth) Function   	        Calls       Base Space   Used Autos Params    Refs
 ---------------------------------------------------------------------------------
 (0) _main                                                 0     0      0       0
 ---------------------------------------------------------------------------------
 Estimated maximum stack depth 0
 ---------------------------------------------------------------------------------

 Call Graph Graphs:

 _main (ROOT)

 Address spaces:
Name               Size   Autos  Total    Cost      Usage
BITCOMRAM           5F      0       0       0        0.0%
EEDATA             100      0       0       0        0.0%
NULL                 0      0       0       0        0.0%
CODE                 0      0       0       0        0.0%
COMRAM              5F      0       0       1        0.0%
STACK                0      0       0       2        0.0%
ABS                  0      0       0       3        0.0%
BITBANK0            A0      0       0       4        0.0%
BANK0               A0      0       0       5        0.0%
BITBANK1           100      0       0       6        0.0%
BANK1              100      0       0       7        0.0%
BITBANK2           100      0       0       8        0.0%
BANK2              100      0       0       9        0.0%
BIGRAM             2FF      0       0      10        0.0%
DATA                 0      0       0      11        0.0%
BITSFR               0      0       0     200        0.0%
SFR                  0      0       0     200        0.0%


Microchip Technology PIC18 Macro Assembler V2.10 build 88905656 
Symbol Table                                                                                   Mon Mar 23 23:48:39 2020

                     l60 1FF8                       l61 1FF8             __CFG_CP0$OFF 000000  
           __CFG_CP1$OFF 000000             __CFG_CPB$OFF 000000                      _RD2 007C1A  
                    _RD3 007C1B                      _RD4 007C1C                      _RD5 007C1D  
                    _RD6 007C1E                      _RD7 007C1F             __CFG_CPD$OFF 000000  
           __CFG_LVP$OFF 000000                     _main 1FF8                     start 0000  
          __CFG_IESO$OFF 000000            __CFG_MCLRE$ON 000000             ___param_bank 000000  
                  ?_main 0000            __CFG_WRT0$OFF 000000            __CFG_WRT1$OFF 000000  
         __CFG_EBTR0$OFF 000000           __CFG_FCMEN$OFF 000000           __CFG_EBTR1$OFF 000000  
          __CFG_WRTB$OFF 000000            __CFG_WRTC$OFF 000000            __CFG_WRTD$OFF 000000  
         __CFG_EBTRB$OFF 000000           __CFG_BOREN$OFF 000000          __initialization 1FF2  
         __CFG_HPOL$HIGH 000000             __end_of_main 2000           __CFG_OSC$IRCIO 000000  
         __CFG_LPOL$HIGH 000000                   ??_main 0000            __activetblptr 000000  
         __CFG_WDTEN$OFF 000000           __CFG_WINEN$OFF 000000           __CFG_SSPMX$RC7 000000  
         __CFG_STVREN$ON 000000               __accesstop 0060  __end_of__initialization 1FF2  
        __CFG_FLTAMX$RC1 000000            ___rparam_used 000001           __pcstackCOMRAM 0000  
        __CFG_WDPS$32768 000000          __CFG_PWM4MX$RB5 000000          __CFG_PWMPIN$OFF 000000  
        __CFG_PWRTEN$OFF 000000                  __Hparam 0000                  __Lparam 0000  
                __pcinit 1FF2                  __ramtop 0300                  __ptext0 1FF8  
   end_of_initialization 1FF2         __CFG_T1OSCMX$OFF 000000         __CFG_EXCLKMX$RC3 000000  
    start_initialization 1FF2                 __Hrparam 0000                 __Lrparam 0000  
          __size_of_main 0008  
